<?xml version="1.0" encoding="UTF-8"?>
<testsuite name="org.keedio.flume.source.SQLSourceHelperTest" time="0.137" tests="18" errors="0" skipped="0" failures="0">
  <properties>
    <property name="java.runtime.name" value="Java(TM) SE Runtime Environment"/>
    <property name="sun.boot.library.path" value="/Library/Java/JavaVirtualMachines/jdk1.8.0_171.jdk/Contents/Home/jre/lib"/>
    <property name="java.vm.version" value="25.171-b11"/>
    <property name="gopherProxySet" value="false"/>
    <property name="java.vm.vendor" value="Oracle Corporation"/>
    <property name="maven.multiModuleProjectDirectory" value="/Users/yanxin/Documents/workspace/mywork/flume-ng-sql-source-release-1.5.1"/>
    <property name="java.vendor.url" value="http://java.oracle.com/"/>
    <property name="path.separator" value=":"/>
    <property name="guice.disable.misplaced.annotation.check" value="true"/>
    <property name="java.vm.name" value="Java HotSpot(TM) 64-Bit Server VM"/>
    <property name="file.encoding.pkg" value="sun.io"/>
    <property name="user.country" value="CN"/>
    <property name="sun.java.launcher" value="SUN_STANDARD"/>
    <property name="sun.os.patch.level" value="unknown"/>
    <property name="java.vm.specification.name" value="Java Virtual Machine Specification"/>
    <property name="user.dir" value="/Users/yanxin/Documents/workspace/mywork/flume-ng-sql-source-release-1.5.1"/>
    <property name="java.runtime.version" value="1.8.0_171-b11"/>
    <property name="java.awt.graphicsenv" value="sun.awt.CGraphicsEnvironment"/>
    <property name="java.endorsed.dirs" value="/Library/Java/JavaVirtualMachines/jdk1.8.0_171.jdk/Contents/Home/jre/lib/endorsed"/>
    <property name="os.arch" value="x86_64"/>
    <property name="java.io.tmpdir" value="/var/folders/7v/6113hh5157bg2xszsq6tckkczcr44f/T/"/>
    <property name="line.separator" value="&#10;"/>
    <property name="java.vm.specification.vendor" value="Oracle Corporation"/>
    <property name="os.name" value="Mac OS X"/>
    <property name="classworlds.conf" value="/Users/yanxin/bigdata/apache-maven-3.5.4/bin/m2.conf"/>
    <property name="sun.jnu.encoding" value="UTF-8"/>
    <property name="java.library.path" value="/Users/yanxin/Library/Java/Extensions:/Library/Java/Extensions:/Network/Library/Java/Extensions:/System/Library/Java/Extensions:/usr/lib/java:."/>
    <property name="maven.conf" value="/Users/yanxin/bigdata/apache-maven-3.5.4/conf"/>
    <property name="java.specification.name" value="Java Platform API Specification"/>
    <property name="java.class.version" value="52.0"/>
    <property name="sun.management.compiler" value="HotSpot 64-Bit Tiered Compilers"/>
    <property name="os.version" value="10.13.4"/>
    <property name="library.jansi.path" value="/Users/yanxin/bigdata/apache-maven-3.5.4/lib/jansi-native"/>
    <property name="http.nonProxyHosts" value="local|*.local|169.254/16|*.169.254/16"/>
    <property name="user.home" value="/Users/yanxin"/>
    <property name="user.timezone" value="Asia/Shanghai"/>
    <property name="java.awt.printerjob" value="sun.lwawt.macosx.CPrinterJob"/>
    <property name="java.specification.version" value="1.8"/>
    <property name="file.encoding" value="UTF-8"/>
    <property name="user.name" value="yanxin"/>
    <property name="java.class.path" value="/Users/yanxin/bigdata/apache-maven-3.5.4/boot/plexus-classworlds-2.5.2.jar"/>
    <property name="java.vm.specification.version" value="1.8"/>
    <property name="sun.arch.data.model" value="64"/>
    <property name="java.home" value="/Library/Java/JavaVirtualMachines/jdk1.8.0_171.jdk/Contents/Home/jre"/>
    <property name="sun.java.command" value="org.codehaus.plexus.classworlds.launcher.Launcher package"/>
    <property name="java.specification.vendor" value="Oracle Corporation"/>
    <property name="user.language" value="zh"/>
    <property name="user.language.format" value="en"/>
    <property name="awt.toolkit" value="sun.lwawt.macosx.LWCToolkit"/>
    <property name="java.vm.info" value="mixed mode"/>
    <property name="java.version" value="1.8.0_171"/>
    <property name="java.ext.dirs" value="/Users/yanxin/Library/Java/Extensions:/Library/Java/JavaVirtualMachines/jdk1.8.0_171.jdk/Contents/Home/jre/lib/ext:/Library/Java/Extensions:/Network/Library/Java/Extensions:/System/Library/Java/Extensions:/usr/lib/java"/>
    <property name="sun.boot.class.path" value="/Library/Java/JavaVirtualMachines/jdk1.8.0_171.jdk/Contents/Home/jre/lib/resources.jar:/Library/Java/JavaVirtualMachines/jdk1.8.0_171.jdk/Contents/Home/jre/lib/rt.jar:/Library/Java/JavaVirtualMachines/jdk1.8.0_171.jdk/Contents/Home/jre/lib/sunrsasign.jar:/Library/Java/JavaVirtualMachines/jdk1.8.0_171.jdk/Contents/Home/jre/lib/jsse.jar:/Library/Java/JavaVirtualMachines/jdk1.8.0_171.jdk/Contents/Home/jre/lib/jce.jar:/Library/Java/JavaVirtualMachines/jdk1.8.0_171.jdk/Contents/Home/jre/lib/charsets.jar:/Library/Java/JavaVirtualMachines/jdk1.8.0_171.jdk/Contents/Home/jre/lib/jfr.jar:/Library/Java/JavaVirtualMachines/jdk1.8.0_171.jdk/Contents/Home/jre/classes"/>
    <property name="java.vendor" value="Oracle Corporation"/>
    <property name="maven.home" value="/Users/yanxin/bigdata/apache-maven-3.5.4"/>
    <property name="file.separator" value="/"/>
    <property name="java.vendor.url.bug" value="http://bugreport.sun.com/bugreport/"/>
    <property name="sun.cpu.endian" value="little"/>
    <property name="sun.io.unicode.encoding" value="UnicodeBig"/>
    <property name="socksNonProxyHosts" value="local|*.local|169.254/16|*.169.254/16"/>
    <property name="ftp.nonProxyHosts" value="local|*.local|169.254/16|*.169.254/16"/>
    <property name="sun.cpu.isalist" value=""/>
  </properties>
  <testcase name="getConnectionURL" classname="org.keedio.flume.source.SQLSourceHelperTest" time="0.064"/>
  <testcase name="connectionURLNotSet" classname="org.keedio.flume.source.SQLSourceHelperTest" time="0.002"/>
  <testcase name="checkStatusFileNameNotSet" classname="org.keedio.flume.source.SQLSourceHelperTest" time="0.004"/>
  <testcase name="getCurrentIndex" classname="org.keedio.flume.source.SQLSourceHelperTest" time="0.003"/>
  <testcase name="getPassword" classname="org.keedio.flume.source.SQLSourceHelperTest" time="0.003"/>
  <testcase name="chekGetAllRowsWithNullParam" classname="org.keedio.flume.source.SQLSourceHelperTest" time="0.003"/>
  <testcase name="getBatchSize" classname="org.keedio.flume.source.SQLSourceHelperTest" time="0.004"/>
  <testcase name="getRunQueryDelay" classname="org.keedio.flume.source.SQLSourceHelperTest" time="0.003"/>
  <testcase name="setCurrentIndex" classname="org.keedio.flume.source.SQLSourceHelperTest" time="0.003"/>
  <testcase name="chekGetAllRows" classname="org.keedio.flume.source.SQLSourceHelperTest" time="0.014"/>
  <testcase name="checkStatusFileCorrectlyUpdated" classname="org.keedio.flume.source.SQLSourceHelperTest" time="0.009"/>
  <testcase name="tableNotSet" classname="org.keedio.flume.source.SQLSourceHelperTest" time="0.002"/>
  <testcase name="chekGetAllRowsWithEmptyParam" classname="org.keedio.flume.source.SQLSourceHelperTest" time="0.003"/>
  <testcase name="checkStatusFileCorrectlyCreated" classname="org.keedio.flume.source.SQLSourceHelperTest" time="0.006"/>
  <testcase name="getUserName" classname="org.keedio.flume.source.SQLSourceHelperTest" time="0.004"/>
  <testcase name="getCustomQuery" classname="org.keedio.flume.source.SQLSourceHelperTest" time="0.005"/>
  <testcase name="createDirectory" classname="org.keedio.flume.source.SQLSourceHelperTest" time="0.002"/>
  <testcase name="getQuery" classname="org.keedio.flume.source.SQLSourceHelperTest" time="0.003"/>
</testsuite>